This file contains any messages produced by compilers while
running configure, to aid debugging if configure makes a mistake.

It was created by python configure 2.7, which was
generated by GNU Autoconf 2.69.  Invocation command line was

  $ build/python/x86_64/Python-2.7.12/configure 

## --------- ##
## Platform. ##
## --------- ##

hostname = MacBook-3
uname -m = x86_64
uname -r = 15.6.0
uname -s = Darwin
uname -v = Darwin Kernel Version 15.6.0: Mon Aug 29 20:21:34 PDT 2016; root:xnu-3248.60.11~1/RELEASE_X86_64

/usr/bin/uname -p = i386
/bin/uname -X     = unknown

/bin/arch              = unknown
/usr/bin/arch -k       = unknown
/usr/convex/getsysinfo = unknown
/usr/bin/hostinfo      = Mach kernel version:
	 Darwin Kernel Version 15.6.0: Mon Aug 29 20:21:34 PDT 2016; root:xnu-3248.60.11~1/RELEASE_X86_64
Kernel configured for up to 4 processors.
2 processors are physically available.
4 processors are logically available.
Processor type: x86_64h (Intel x86-64h Haswell)
Processors active: 0 1 2 3
Primary memory available: 8.00 gigabytes
Default processor set: 252 tasks, 990 threads, 4 processors
Load average: 1.37, Mach factor: 2.62
/bin/machine           = unknown
/usr/bin/oslevel       = unknown
/bin/universe          = unknown

PATH: /usr/local/bin
PATH: /usr/bin
PATH: /bin
PATH: /usr/sbin
PATH: /sbin
PATH: /opt/X11/bin
PATH: /usr/local/CrossPack-AVR/bin
PATH: /usr/local/git/bin
PATH: ~/Development/Android/platform-tools/


## ----------- ##
## Core tests. ##
## ----------- ##

configure:2823: checking build system type
configure:2837: result: x86_64-apple-darwin15.6.0
configure:2857: checking host system type
configure:2870: result: x86_64-apple-darwin15.6.0
configure:2981: checking for --enable-universalsdk
configure:3022: result: no
configure:3032: checking for --with-universal-archs
configure:3049: result: 32-bit
configure:3206: checking MACHDEP
configure:3398: result: darwin
configure:3407: checking EXTRAPLATDIR
configure:3422: result: $(PLATMACDIRS)
configure:3443: checking for --without-gcc
configure:3487: result: no
configure:3490: checking for --with-icc
configure:3510: result: no
configure:3604: checking for gcc
configure:3620: found /usr/bin/gcc
configure:3631: result: gcc
configure:3860: checking for C compiler version
configure:3869: gcc --version >&5
Apple LLVM version 7.3.0 (clang-703.0.31)
Target: x86_64-apple-darwin15.6.0
Thread model: posix
InstalledDir: /Applications/Xcode.app/Contents/Developer/Toolchains/XcodeDefault.xctoolchain/usr/bin
Configured with: --prefix=/Applications/Xcode.app/Contents/Developer/usr --with-gxx-include-dir=/usr/include/c++/4.2.1
configure:3880: $? = 0
configure:3869: gcc -v >&5
Configured with: --prefix=/Applications/Xcode.app/Contents/Developer/usr --with-gxx-include-dir=/usr/include/c++/4.2.1
Apple LLVM version 7.3.0 (clang-703.0.31)
Target: x86_64-apple-darwin15.6.0
Thread model: posix
InstalledDir: /Applications/Xcode.app/Contents/Developer/Toolchains/XcodeDefault.xctoolchain/usr/bin
configure:3880: $? = 0
configure:3869: gcc -V >&5
clang: error: argument to '-V' is missing (expected 1 value)
clang: error: no input files
configure:3880: $? = 1
configure:3869: gcc -qversion >&5
clang: error: unknown argument: '-qversion'
clang: error: no input files
configure:3880: $? = 1
configure:3900: checking whether the C compiler works
configure:3922: gcc    conftest.c  >&5
configure:3926: $? = 0
configure:3974: result: yes
configure:3977: checking for C compiler default output file name
configure:3979: result: a.out
configure:3985: checking for suffix of executables
configure:3992: gcc -o conftest    conftest.c  >&5
configure:3996: $? = 0
configure:4018: result: 
configure:4040: checking whether we are cross compiling
configure:4048: gcc -o conftest    conftest.c  >&5
configure:4052: $? = 0
configure:4059: ./conftest
configure:4063: $? = 0
configure:4078: result: no
configure:4083: checking for suffix of object files
configure:4105: gcc -c   conftest.c >&5
configure:4109: $? = 0
configure:4130: result: o
configure:4134: checking whether we are using the GNU C compiler
configure:4153: gcc -c   conftest.c >&5
configure:4153: $? = 0
configure:4162: result: yes
configure:4171: checking whether gcc accepts -g
configure:4191: gcc -c -g  conftest.c >&5
configure:4191: $? = 0
configure:4232: result: yes
configure:4249: checking for gcc option to accept ISO C89
configure:4312: gcc  -c -g -O2  conftest.c >&5
configure:4312: $? = 0
configure:4325: result: none needed
configure:4352: checking for --with-cxx-main=<compiler>
configure:4378: result: no
configure:4431: checking for g++
configure:4464: result: no
configure:4700: WARNING:

  By default, distutils will build C++ extension modules with "g++".
  If this is not intended, then set CXX on the configure command line.
  
configure:4719: checking how to run the C preprocessor
configure:4750: gcc -E  conftest.c
configure:4750: $? = 0
configure:4764: gcc -E  conftest.c
conftest.c:8:10: fatal error: 'ac_nonexistent.h' file not found
#include <ac_nonexistent.h>
         ^
1 error generated.
configure:4764: $? = 1
configure: failed program was:
| /* confdefs.h */
| #define _GNU_SOURCE 1
| #define _NETBSD_SOURCE 1
| #define __BSD_VISIBLE 1
| #define _BSD_TYPES 1
| #define _DARWIN_C_SOURCE 1
| /* end confdefs.h.  */
| #include <ac_nonexistent.h>
configure:4789: result: gcc -E
configure:4809: gcc -E  conftest.c
configure:4809: $? = 0
configure:4823: gcc -E  conftest.c
conftest.c:8:10: fatal error: 'ac_nonexistent.h' file not found
#include <ac_nonexistent.h>
         ^
1 error generated.
configure:4823: $? = 1
configure: failed program was:
| /* confdefs.h */
| #define _GNU_SOURCE 1
| #define _NETBSD_SOURCE 1
| #define __BSD_VISIBLE 1
| #define _BSD_TYPES 1
| #define _DARWIN_C_SOURCE 1
| /* end confdefs.h.  */
| #include <ac_nonexistent.h>
configure:4852: checking for grep that handles long lines and -e
configure:4910: result: /usr/bin/grep
configure:4915: checking for egrep
configure:4977: result: /usr/bin/grep -E
configure:4982: checking for ANSI C header files
configure:5002: gcc -c -g -O2  conftest.c >&5
configure:5002: $? = 0
configure:5075: gcc -o conftest -g -O2   conftest.c  >&5
configure:5075: $? = 0
configure:5075: ./conftest
configure:5075: $? = 0
configure:5086: result: yes
configure:5099: checking for sys/types.h
configure:5099: gcc -c -g -O2  conftest.c >&5
configure:5099: $? = 0
configure:5099: result: yes
configure:5099: checking for sys/stat.h
configure:5099: gcc -c -g -O2  conftest.c >&5
configure:5099: $? = 0
configure:5099: result: yes
configure:5099: checking for stdlib.h
configure:5099: gcc -c -g -O2  conftest.c >&5
configure:5099: $? = 0
configure:5099: result: yes
configure:5099: checking for string.h
configure:5099: gcc -c -g -O2  conftest.c >&5
configure:5099: $? = 0
configure:5099: result: yes
configure:5099: checking for memory.h
configure:5099: gcc -c -g -O2  conftest.c >&5
configure:5099: $? = 0
configure:5099: result: yes
configure:5099: checking for strings.h
configure:5099: gcc -c -g -O2  conftest.c >&5
configure:5099: $? = 0
configure:5099: result: yes
configure:5099: checking for inttypes.h
configure:5099: gcc -c -g -O2  conftest.c >&5
configure:5099: $? = 0
configure:5099: result: yes
configure:5099: checking for stdint.h
configure:5099: gcc -c -g -O2  conftest.c >&5
configure:5099: $? = 0
configure:5099: result: yes
configure:5099: checking for unistd.h
configure:5099: gcc -c -g -O2  conftest.c >&5
configure:5099: $? = 0
configure:5099: result: yes
configure:5112: checking minix/config.h usability
configure:5112: gcc -c -g -O2  conftest.c >&5
conftest.c:51:10: fatal error: 'minix/config.h' file not found
#include <minix/config.h>
         ^
1 error generated.
configure:5112: $? = 1
configure: failed program was:
| /* confdefs.h */
| #define _GNU_SOURCE 1
| #define _NETBSD_SOURCE 1
| #define __BSD_VISIBLE 1
| #define _BSD_TYPES 1
| #define _DARWIN_C_SOURCE 1
| #define STDC_HEADERS 1
| #define HAVE_SYS_TYPES_H 1
| #define HAVE_SYS_STAT_H 1
| #define HAVE_STDLIB_H 1
| #define HAVE_STRING_H 1
| #define HAVE_MEMORY_H 1
| #define HAVE_STRINGS_H 1
| #define HAVE_INTTYPES_H 1
| #define HAVE_STDINT_H 1
| #define HAVE_UNISTD_H 1
| /* end confdefs.h.  */
| #include <stdio.h>
| #ifdef HAVE_SYS_TYPES_H
| # include <sys/types.h>
| #endif
| #ifdef HAVE_SYS_STAT_H
| # include <sys/stat.h>
| #endif
| #ifdef STDC_HEADERS
| # include <stdlib.h>
| # include <stddef.h>
| #else
| # ifdef HAVE_STDLIB_H
| #  include <stdlib.h>
| # endif
| #endif
| #ifdef HAVE_STRING_H
| # if !defined STDC_HEADERS && defined HAVE_MEMORY_H
| #  include <memory.h>
| # endif
| # include <string.h>
| #endif
| #ifdef HAVE_STRINGS_H
| # include <strings.h>
| #endif
| #ifdef HAVE_INTTYPES_H
| # include <inttypes.h>
| #endif
| #ifdef HAVE_STDINT_H
| # include <stdint.h>
| #endif
| #ifdef HAVE_UNISTD_H
| # include <unistd.h>
| #endif
| #include <minix/config.h>
configure:5112: result: no
configure:5112: checking minix/config.h presence
configure:5112: gcc -E  conftest.c
conftest.c:18:10: fatal error: 'minix/config.h' file not found
#include <minix/config.h>
         ^
1 error generated.
configure:5112: $? = 1
configure: failed program was:
| /* confdefs.h */
| #define _GNU_SOURCE 1
| #define _NETBSD_SOURCE 1
| #define __BSD_VISIBLE 1
| #define _BSD_TYPES 1
| #define _DARWIN_C_SOURCE 1
| #define STDC_HEADERS 1
| #define HAVE_SYS_TYPES_H 1
| #define HAVE_SYS_STAT_H 1
| #define HAVE_STDLIB_H 1
| #define HAVE_STRING_H 1
| #define HAVE_MEMORY_H 1
| #define HAVE_STRINGS_H 1
| #define HAVE_INTTYPES_H 1
| #define HAVE_STDINT_H 1
| #define HAVE_UNISTD_H 1
| /* end confdefs.h.  */
| #include <minix/config.h>
configure:5112: result: no
configure:5112: checking for minix/config.h
configure:5112: result: no
configure:5133: checking whether it is safe to define __EXTENSIONS__
configure:5151: gcc -c -g -O2  conftest.c >&5
configure:5151: $? = 0
configure:5158: result: yes
configure:5182: checking for --with-suffix
configure:5195: result: 
configure:5201: checking for case-insensitive build directory
configure:5209: result: yes
configure:5241: checking LIBRARY
configure:5247: result: libpython$(VERSION).a
configure:5283: checking LINKCC
configure:5302: result: $(PURIFY) $(MAINCC)
configure:5311: checking for GNU ld
configure:5323: result: no
configure:5326: checking for --enable-shared
configure:5343: result: no
configure:5346: checking for --enable-profiling
configure:5371: result: no
configure:5379: checking LDLIBRARY
configure:5473: result: libpython$(VERSION).a
configure:5519: checking for ranlib
configure:5535: found /usr/bin/ranlib
configure:5546: result: ranlib
configure:5618: checking for ar
configure:5634: found /usr/bin/ar
configure:5645: result: ar
configure:5680: checking for svnversion
configure:5696: found /usr/local/bin/svnversion
configure:5708: result: found
configure:5742: checking for hg
configure:5770: result: not-found
configure:5811: checking for a BSD-compatible install
configure:5879: result: /usr/local/bin/ginstall -c
configure:5890: checking for a thread-safe mkdir -p
configure:5929: result: /usr/local/bin/gmkdir -p
configure:5945: checking for --with-pydebug
configure:5963: result: no
configure:6040: checking whether gcc accepts -fno-strict-aliasing
configure:6058: gcc -fno-strict-aliasing -c -g -O2  conftest.c >&5
configure:6058: $? = 0
configure:6067: result: yes
configure:6093: checking which compiler should be used
configure:6104: result: gcc
configure:6245: checking whether gcc accepts -OPT:Olimit=0
configure:6263: gcc -OPT:Olimit=0 -c -g -O2  conftest.c >&5
configure:6263: $? = 0
configure:6273: result: yes
configure:6337: checking whether gcc supports ParseTuple __format__
configure:6354: gcc -c -g -O2 -Werror -Wformat  conftest.c >&5
conftest.c:24:35: error: 'format' attribute argument not supported: PyArg_ParseTuple [-Werror,-Wignored-attributes]
    void f(char*,...)__attribute((format(PyArg_ParseTuple, 1, 2)));
                                  ^
1 error generated.
configure:6354: $? = 1
configure: failed program was:
| /* confdefs.h */
| #define _GNU_SOURCE 1
| #define _NETBSD_SOURCE 1
| #define __BSD_VISIBLE 1
| #define _BSD_TYPES 1
| #define _DARWIN_C_SOURCE 1
| #define STDC_HEADERS 1
| #define HAVE_SYS_TYPES_H 1
| #define HAVE_SYS_STAT_H 1
| #define HAVE_STDLIB_H 1
| #define HAVE_STRING_H 1
| #define HAVE_MEMORY_H 1
| #define HAVE_STRINGS_H 1
| #define HAVE_INTTYPES_H 1
| #define HAVE_STDINT_H 1
| #define HAVE_UNISTD_H 1
| #define __EXTENSIONS__ 1
| #define _ALL_SOURCE 1
| #define _GNU_SOURCE 1
| #define _POSIX_PTHREAD_SEMANTICS 1
| #define _TANDEM_SOURCE 1
| /* end confdefs.h.  */
| 
|     void f(char*,...)__attribute((format(PyArg_ParseTuple, 1, 2)));
| int
| main ()
| {
| 
|   ;
|   return 0;
| }
| 
configure:6364: result: no
configure:6375: checking for --with-lto
configure:6392: result: no
configure:6425: checking for llvm-profdata
configure:6453: result: not-found
configure:6508: checking whether pthreads are available without options
configure:6533: gcc -o conftest -g -O2   conftest.c  >&5
configure:6533: $? = 0
configure:6533: ./conftest
configure:6533: $? = 0
configure:6549: result: yes
configure:6710: checking whether g++ also accepts flags for thread support
configure:6741: result: no
configure:6748: checking for ANSI C header files
configure:6852: result: yes
configure:6874: checking asm/types.h usability
configure:6874: gcc -c -g -O2  conftest.c >&5
conftest.c:57:10: fatal error: 'asm/types.h' file not found
#include <asm/types.h>
         ^
1 error generated.
configure:6874: $? = 1
configure: failed program was:
| /* confdefs.h */
| #define _GNU_SOURCE 1
| #define _NETBSD_SOURCE 1
| #define __BSD_VISIBLE 1
| #define _BSD_TYPES 1
| #define _DARWIN_C_SOURCE 1
| #define STDC_HEADERS 1
| #define HAVE_SYS_TYPES_H 1
| #define HAVE_SYS_STAT_H 1
| #define HAVE_STDLIB_H 1
| #define HAVE_STRING_H 1
| #define HAVE_MEMORY_H 1
| #define HAVE_STRINGS_H 1
| #define HAVE_INTTYPES_H 1
| #define HAVE_STDINT_H 1
| #define HAVE_UNISTD_H 1
| #define __EXTENSIONS__ 1
| #define _ALL_SOURCE 1
| #define _GNU_SOURCE 1
| #define _POSIX_PTHREAD_SEMANTICS 1
| #define _TANDEM_SOURCE 1
| #define STDC_HEADERS 1
| /* end confdefs.h.  */
| #include <stdio.h>
| #ifdef HAVE_SYS_TYPES_H
| # include <sys/types.h>
| #endif
| #ifdef HAVE_SYS_STAT_H
| # include <sys/stat.h>
| #endif
| #ifdef STDC_HEADERS
| # include <stdlib.h>
| # include <stddef.h>
| #else
| # ifdef HAVE_STDLIB_H
| #  include <stdlib.h>
| # endif
| #endif
| #ifdef HAVE_STRING_H
| # if !defined STDC_HEADERS && defined HAVE_MEMORY_H
| #  include <memory.h>
| # endif
| # include <string.h>
| #endif
| #ifdef HAVE_STRINGS_H
| # include <strings.h>
| #endif
| #ifdef HAVE_INTTYPES_H
| # include <inttypes.h>
| #endif
| #ifdef HAVE_STDINT_H
| # include <stdint.h>
| #endif
| #ifdef HAVE_UNISTD_H
| # include <unistd.h>
| #endif
| #include <asm/types.h>
configure:6874: result: no
configure:6874: checking asm/types.h presence
configure:6874: gcc -E  conftest.c
conftest.c:24:10: fatal error: 'asm/types.h' file not found
#include <asm/types.h>
         ^
1 error generated.
configure:6874: $? = 1
configure: failed program was:
| /* confdefs.h */
| #define _GNU_SOURCE 1
| #define _NETBSD_SOURCE 1
| #define __BSD_VISIBLE 1
| #define _BSD_TYPES 1
| #define _DARWIN_C_SOURCE 1
| #define STDC_HEADERS 1
| #define HAVE_SYS_TYPES_H 1
| #define HAVE_SYS_STAT_H 1
| #define HAVE_STDLIB_H 1
| #define HAVE_STRING_H 1
| #define HAVE_MEMORY_H 1
| #define HAVE_STRINGS_H 1
| #define HAVE_INTTYPES_H 1
| #define HAVE_STDINT_H 1
| #define HAVE_UNISTD_H 1
| #define __EXTENSIONS__ 1
| #define _ALL_SOURCE 1
| #define _GNU_SOURCE 1
| #define _POSIX_PTHREAD_SEMANTICS 1
| #define _TANDEM_SOURCE 1
| #define STDC_HEADERS 1
| /* end confdefs.h.  */
| #include <asm/types.h>
configure:6874: result: no
configure:6874: checking for asm/types.h
configure:6874: result: no
configure:6874: checking conio.h usability
configure:6874: gcc -c -g -O2  conftest.c >&5
conftest.c:57:10: fatal error: 'conio.h' file not found
#include <conio.h>
         ^
1 error generated.
configure:6874: $? = 1
configure: failed program was:
| /* confdefs.h */
| #define _GNU_SOURCE 1
| #define _NETBSD_SOURCE 1
| #define __BSD_VISIBLE 1
| #define _BSD_TYPES 1
| #define _DARWIN_C_SOURCE 1
| #define STDC_HEADERS 1
| #define HAVE_SYS_TYPES_H 1
| #define HAVE_SYS_STAT_H 1
| #define HAVE_STDLIB_H 1
| #define HAVE_STRING_H 1
| #define HAVE_MEMORY_H 1
| #define HAVE_STRINGS_H 1
| #define HAVE_INTTYPES_H 1
| #define HAVE_STDINT_H 1
| #define HAVE_UNISTD_H 1
| #define __EXTENSIONS__ 1
| #define _ALL_SOURCE 1
| #define _GNU_SOURCE 1
| #define _POSIX_PTHREAD_SEMANTICS 1
| #define _TANDEM_SOURCE 1
| #define STDC_HEADERS 1
| /* end confdefs.h.  */
| #include <stdio.h>
| #ifdef HAVE_SYS_TYPES_H
| # include <sys/types.h>
| #endif
| #ifdef HAVE_SYS_STAT_H
| # include <sys/stat.h>
| #endif
| #ifdef STDC_HEADERS
| # include <stdlib.h>
| # include <stddef.h>
| #else
| # ifdef HAVE_STDLIB_H
| #  include <stdlib.h>
| # endif
| #endif
| #ifdef HAVE_STRING_H
| # if !defined STDC_HEADERS && defined HAVE_MEMORY_H
| #  include <memory.h>
| # endif
| # include <string.h>
| #endif
| #ifdef HAVE_STRINGS_H
| # include <strings.h>
| #endif
| #ifdef HAVE_INTTYPES_H
| # include <inttypes.h>
| #endif
| #ifdef HAVE_STDINT_H
| # include <stdint.h>
| #endif
| #ifdef HAVE_UNISTD_H
| # include <unistd.h>
| #endif
| #include <conio.h>
configure:6874: result: no
configure:6874: checking conio.h presence
configure:6874: gcc -E  conftest.c
conftest.c:24:10: fatal error: 'conio.h' file not found
#include <conio.h>
         ^
1 error generated.
configure:6874: $? = 1
configure: failed program was:
| /* confdefs.h */
| #define _GNU_SOURCE 1
| #define _NETBSD_SOURCE 1
| #define __BSD_VISIBLE 1
| #define _BSD_TYPES 1
| #define _DARWIN_C_SOURCE 1
| #define STDC_HEADERS 1
| #define HAVE_SYS_TYPES_H 1
| #define HAVE_SYS_STAT_H 1
| #define HAVE_STDLIB_H 1
| #define HAVE_STRING_H 1
| #define HAVE_MEMORY_H 1
| #define HAVE_STRINGS_H 1
| #define HAVE_INTTYPES_H 1
| #define HAVE_STDINT_H 1
| #define HAVE_UNISTD_H 1
| #define __EXTENSIONS__ 1
| #define _ALL_SOURCE 1
| #define _GNU_SOURCE 1
| #define _POSIX_PTHREAD_SEMANTICS 1
| #define _TANDEM_SOURCE 1
| #define STDC_HEADERS 1
| /* end confdefs.h.  */
| #include <conio.h>
configure:6874: result: no
configure:6874: checking for conio.h
configure:6874: result: no
configure:6874: checking direct.h usability
configure:6874: gcc -c -g -O2  conftest.c >&5
conftest.c:57:10: fatal error: 'direct.h' file not found
#include <direct.h>
         ^
1 error generated.
configure:6874: $? = 1
configure: failed program was:
| /* confdefs.h */
| #define _GNU_SOURCE 1
| #define _NETBSD_SOURCE 1
| #define __BSD_VISIBLE 1
| #define _BSD_TYPES 1
| #define _DARWIN_C_SOURCE 1
| #define STDC_HEADERS 1
| #define HAVE_SYS_TYPES_H 1
| #define HAVE_SYS_STAT_H 1
| #define HAVE_STDLIB_H 1
| #define HAVE_STRING_H 1
| #define HAVE_MEMORY_H 1
| #define HAVE_STRINGS_H 1
| #define HAVE_INTTYPES_H 1
| #define HAVE_STDINT_H 1
| #define HAVE_UNISTD_H 1
| #define __EXTENSIONS__ 1
| #define _ALL_SOURCE 1
| #define _GNU_SOURCE 1
| #define _POSIX_PTHREAD_SEMANTICS 1
| #define _TANDEM_SOURCE 1
| #define STDC_HEADERS 1
| /* end confdefs.h.  */
| #include <stdio.h>
| #ifdef HAVE_SYS_TYPES_H
| # include <sys/types.h>
| #endif
| #ifdef HAVE_SYS_STAT_H
| # include <sys/stat.h>
| #endif
| #ifdef STDC_HEADERS
| # include <stdlib.h>
| # include <stddef.h>
| #else
| # ifdef HAVE_STDLIB_H
| #  include <stdlib.h>
| # endif
| #endif
| #ifdef HAVE_STRING_H
| # if !defined STDC_HEADERS && defined HAVE_MEMORY_H
| #  include <memory.h>
| # endif
| # include <string.h>
| #endif
| #ifdef HAVE_STRINGS_H
| # include <strings.h>
| #endif
| #ifdef HAVE_INTTYPES_H
| # include <inttypes.h>
| #endif
| #ifdef HAVE_STDINT_H
| # include <stdint.h>
| #endif
| #ifdef HAVE_UNISTD_H
| # include <unistd.h>
| #endif
| #include <direct.h>
configure:6874: result: no
configure:6874: checking direct.h presence
configure:6874: gcc -E  conftest.c
conftest.c:24:10: fatal error: 'direct.h' file not found
#include <direct.h>
         ^
1 error generated.
configure:6874: $? = 1
configure: failed program was:
| /* confdefs.h */
| #define _GNU_SOURCE 1
| #define _NETBSD_SOURCE 1
| #define __BSD_VISIBLE 1
| #define _BSD_TYPES 1
| #define _DARWIN_C_SOURCE 1
| #define STDC_HEADERS 1
| #define HAVE_SYS_TYPES_H 1
| #define HAVE_SYS_STAT_H 1
| #define HAVE_STDLIB_H 1
| #define HAVE_STRING_H 1
| #define HAVE_MEMORY_H 1
| #define HAVE_STRINGS_H 1
| #define HAVE_INTTYPES_H 1
| #define HAVE_STDINT_H 1
| #define HAVE_UNISTD_H 1
| #define __EXTENSIONS__ 1
| #define _ALL_SOURCE 1
| #define _GNU_SOURCE 1
| #define _POSIX_PTHREAD_SEMANTICS 1
| #define _TANDEM_SOURCE 1
| #define STDC_HEADERS 1
| /* end confdefs.h.  */
| #include <direct.h>
configure:6874: result: no
configure:6874: checking for direct.h
configure:6874: result: no
configure:6874: checking dlfcn.h usability
configure:6874: gcc -c -g -O2  conftest.c >&5
configure:6874: $? = 0
configure:6874: result: yes
configure:6874: checking dlfcn.h presence
configure:6874: gcc -E  conftest.c
configure:6874: $? = 0
configure:6874: result: yes
configure:6874: checking for dlfcn.h
configure:6874: result: yes
configure:6874: checking errno.h usability
configure:6874: gcc -c -g -O2  conftest.c >&5
configure:6874: $? = 0
configure:6874: result: yes
configure:6874: checking errno.h presence
configure:6874: gcc -E  conftest.c
configure:6874: $? = 0
configure:6874: result: yes
configure:6874: checking for errno.h
configure:6874: result: yes
configure:6874: checking fcntl.h usability
configure:6874: gcc -c -g -O2  conftest.c >&5
configure:6874: $? = 0
configure:6874: result: yes
configure:6874: checking fcntl.h presence
configure:6874: gcc -E  conftest.c

## ---------------- ##
## Cache variables. ##
## ---------------- ##

ac_cv_build=x86_64-apple-darwin15.6.0
ac_cv_c_compiler_gnu=yes
ac_cv_cxx_thread=no
ac_cv_env_CC_set=
ac_cv_env_CC_value=
ac_cv_env_CFLAGS_set=
ac_cv_env_CFLAGS_value=
ac_cv_env_CPPFLAGS_set=
ac_cv_env_CPPFLAGS_value=
ac_cv_env_CPP_set=
ac_cv_env_CPP_value=
ac_cv_env_LDFLAGS_set=
ac_cv_env_LDFLAGS_value=
ac_cv_env_LIBS_set=
ac_cv_env_LIBS_value=
ac_cv_env_PKG_CONFIG_LIBDIR_set=
ac_cv_env_PKG_CONFIG_LIBDIR_value=
ac_cv_env_PKG_CONFIG_PATH_set=
ac_cv_env_PKG_CONFIG_PATH_value=
ac_cv_env_PKG_CONFIG_set=
ac_cv_env_PKG_CONFIG_value=
ac_cv_env_build_alias_set=
ac_cv_env_build_alias_value=
ac_cv_env_host_alias_set=
ac_cv_env_host_alias_value=
ac_cv_env_target_alias_set=
ac_cv_env_target_alias_value=
ac_cv_header_asm_types_h=no
ac_cv_header_conio_h=no
ac_cv_header_direct_h=no
ac_cv_header_dlfcn_h=yes
ac_cv_header_errno_h=yes
ac_cv_header_inttypes_h=yes
ac_cv_header_memory_h=yes
ac_cv_header_minix_config_h=no
ac_cv_header_stdc=yes
ac_cv_header_stdint_h=yes
ac_cv_header_stdlib_h=yes
ac_cv_header_string_h=yes
ac_cv_header_strings_h=yes
ac_cv_header_sys_stat_h=yes
ac_cv_header_sys_types_h=yes
ac_cv_header_unistd_h=yes
ac_cv_host=x86_64-apple-darwin15.6.0
ac_cv_kpthread=no
ac_cv_kthread=no
ac_cv_no_strict_aliasing_ok=yes
ac_cv_objext=o
ac_cv_opt_olimit_ok=yes
ac_cv_path_EGREP='/usr/bin/grep -E'
ac_cv_path_GREP=/usr/bin/grep
ac_cv_path_install='/usr/local/bin/ginstall -c'
ac_cv_path_mkdir=/usr/local/bin/gmkdir
ac_cv_prog_CPP='gcc -E'
ac_cv_prog_HAS_HG=not-found
ac_cv_prog_LLVM_PROF_FOUND=not-found
ac_cv_prog_SVNVERSION=found
ac_cv_prog_ac_ct_AR=ar
ac_cv_prog_ac_ct_CC=gcc
ac_cv_prog_ac_ct_RANLIB=ranlib
ac_cv_prog_cc_c89=
ac_cv_prog_cc_g=yes
ac_cv_pthread=no
ac_cv_pthread_is_default=yes
ac_cv_safe_to_define___extensions__=yes

## ----------------- ##
## Output variables. ##
## ----------------- ##

AR='ar'
ARCH_RUN_32BIT=''
ARFLAGS='rc'
BASECFLAGS=' -fno-strict-aliasing'
BASECPPFLAGS=''
BLDLIBRARY='$(LDLIBRARY)'
BLDSHARED=''
BUILDEXEEXT='.exe'
CC='gcc'
CCSHARED=''
CFLAGS='-g -O2'
CFLAGSFORSHARED=''
CONFIGURE_MACOSX_DEPLOYMENT_TARGET='10.4'
CONFIG_ARGS=''
CPP='gcc -E'
CPPFLAGS=''
CXX='g++'
DEFS=''
DLINCLDIR=''
DLLLIBRARY=''
DYNLOADFILE=''
ECHO_C='\c'
ECHO_N=''
ECHO_T=''
EGREP='/usr/bin/grep -E'
ENSUREPIP=''
EXEEXT=''
EXPORT_MACOSX_DEPLOYMENT_TARGET=''
EXTRAMACHDEPPATH='$(PLATMACPATH)'
EXTRAPLATDIR='$(PLATMACDIRS)'
FRAMEWORKALTINSTALLFIRST=''
FRAMEWORKALTINSTALLLAST=''
FRAMEWORKINSTALLAPPSPREFIX=''
FRAMEWORKINSTALLFIRST=''
FRAMEWORKINSTALLLAST=''
FRAMEWORKUNIXTOOLSPREFIX='/usr/local'
GNULD='no'
GREP='/usr/bin/grep'
HAS_HG='not-found'
HAVE_GETHOSTBYNAME=''
HAVE_GETHOSTBYNAME_R=''
HAVE_GETHOSTBYNAME_R_3_ARG=''
HAVE_GETHOSTBYNAME_R_5_ARG=''
HAVE_GETHOSTBYNAME_R_6_ARG=''
HGBRANCH=''
HGTAG=''
HGVERSION=''
INSTALL_DATA='${INSTALL} -m 644'
INSTALL_PROGRAM='${INSTALL}'
INSTALL_SCRIPT='${INSTALL}'
INSTSONAME='$(LDLIBRARY)'
LDCXXSHARED=''
LDFLAGS=''
LDLAST=''
LDLIBRARY='libpython$(VERSION).a'
LDLIBRARYDIR=''
LDSHARED=''
LIBC=''
LIBFFI_INCLUDEDIR=''
LIBM=''
LIBOBJS=''
LIBRARY='libpython$(VERSION).a'
LIBS=''
LIBTOOL_CRUFT=''
LINKCC='$(PURIFY) $(MAINCC)'
LINKFORSHARED=''
LIPO_32BIT_FLAGS=''
LLVM_PROF_ERR='yes'
LLVM_PROF_FILE='LLVM_PROFILE_FILE="code-%p.profclangr"'
LLVM_PROF_FOUND='not-found'
LLVM_PROF_MERGER='llvm-profdata merge -output=code.profclangd *.profclangr'
LN='ln'
LTLIBOBJS=''
LTOFLAGS=''
MACHDEP='darwin'
MACHDEP_OBJS=''
MAINCC='$(CC)'
MKDIR_P='/usr/local/bin/gmkdir -p'
MULTIARCH=''
OBJEXT='o'
OPT='-DNDEBUG -g -fwrapv -O3 -Wall -Wstrict-prototypes'
OTHER_LIBTOOL_OPT=''
PACKAGE_BUGREPORT='http://bugs.python.org/'
PACKAGE_NAME='python'
PACKAGE_STRING='python 2.7'
PACKAGE_TARNAME='python'
PACKAGE_URL=''
PACKAGE_VERSION='2.7'
PATH_SEPARATOR=':'
PGO_PROF_GEN_FLAG='-fprofile-instr-generate'
PGO_PROF_USE_FLAG='-fprofile-instr-use=code.profclangd'
PKG_CONFIG=''
PKG_CONFIG_LIBDIR=''
PKG_CONFIG_PATH=''
PLATDIR='plat-darwin'
PYTHONFRAMEWORK=''
PYTHONFRAMEWORKDIR='no-framework'
PYTHONFRAMEWORKIDENTIFIER='org.python.python'
PYTHONFRAMEWORKINSTALLDIR=''
PYTHONFRAMEWORKPREFIX=''
PYTHON_FOR_BUILD='./$(BUILDPYTHON) -E'
RANLIB='ranlib'
RUNSHARED=''
SGI_ABI=''
SHELL='/bin/sh'
SHLIBS=''
SIGNAL_OBJS=''
SO=''
SOVERSION='1.0'
SRCDIRS=''
SVNVERSION='svnversion $(srcdir)'
TCLTK_INCLUDES=''
TCLTK_LIBS=''
THREADHEADERS=''
THREADOBJ=''
TRUE=''
UNICODE_OBJS=''
UNIVERSALSDK=''
UNIVERSAL_ARCH_FLAGS=''
USE_SIGNAL_MODULE=''
USE_THREAD_MODULE=''
VERSION='2.7'
_PYTHON_HOST_PLATFORM=''
ac_ct_AR='ar'
ac_ct_CC='gcc'
ac_ct_CXX=''
bindir='${exec_prefix}/bin'
build='x86_64-apple-darwin15.6.0'
build_alias=''
build_cpu='x86_64'
build_os='darwin15.6.0'
build_vendor='apple'
cross_compiling='no'
datadir='${datarootdir}'
datarootdir='${prefix}/share'
docdir='${datarootdir}/doc/${PACKAGE_TARNAME}'
dvidir='${docdir}'
exec_prefix='NONE'
host='x86_64-apple-darwin15.6.0'
host_alias=''
host_cpu='x86_64'
host_os='darwin15.6.0'
host_vendor='apple'
htmldir='${docdir}'
includedir='${prefix}/include'
infodir='${datarootdir}/info'
libdir='${exec_prefix}/lib'
libexecdir='${exec_prefix}/libexec'
localedir='${datarootdir}/locale'
localstatedir='${prefix}/var'
mandir='${datarootdir}/man'
oldincludedir='/usr/include'
pdfdir='${docdir}'
prefix='NONE'
program_transform_name='s,x,x,'
psdir='${docdir}'
sbindir='${exec_prefix}/sbin'
sharedstatedir='${prefix}/com'
sysconfdir='${prefix}/etc'
target_alias=''

## ----------- ##
## confdefs.h. ##
## ----------- ##

/* confdefs.h */
#define _GNU_SOURCE 1
#define _NETBSD_SOURCE 1
#define __BSD_VISIBLE 1
#define _BSD_TYPES 1
#define _DARWIN_C_SOURCE 1
#define STDC_HEADERS 1
#define HAVE_SYS_TYPES_H 1
#define HAVE_SYS_STAT_H 1
#define HAVE_STDLIB_H 1
#define HAVE_STRING_H 1
#define HAVE_MEMORY_H 1
#define HAVE_STRINGS_H 1
#define HAVE_INTTYPES_H 1
#define HAVE_STDINT_H 1
#define HAVE_UNISTD_H 1
#define __EXTENSIONS__ 1
#define _ALL_SOURCE 1
#define _GNU_SOURCE 1
#define _POSIX_PTHREAD_SEMANTICS 1
#define _TANDEM_SOURCE 1
#define STDC_HEADERS 1
#define HAVE_DLFCN_H 1
#define HAVE_ERRNO_H 1

configure: caught signal 2
configure: exit 1
